<?xml version="1.0" encoding="UTF-8"?>
<!-- Generated by org.testng.reporters.JUnitXMLReporter -->
<testsuite ignored="0" hostname="LAPTOP-QQ1NF484" failures="0" tests="4" name="Default test" time="17.225" errors="0" timestamp="2025-02-09T17:40:16 IST">
  <testcase classname="IntegrationScenario.Api011_FirstIntegrationSceneraio" name="update_put" time="11.949"/>
  <testcase classname="IntegrationScenario.Api011_FirstIntegrationSceneraio" name="update_put_get" time="1.511"/>
  <testcase classname="IntegrationScenario.Api011_FirstIntegrationSceneraio" name="delete_Booking" time="1.565"/>
  <testcase classname="IntegrationScenario.Api011_FirstIntegrationSceneraio" name="get_After_Delete" time="1.96"/>
</testsuite> <!-- Default test -->
