<?xml version="1.0" encoding="UTF-8"?>
<!-- Generated by org.testng.reporters.JUnitXMLReporter -->
<testsuite ignored="0" hostname="LAPTOP-QQ1NF484" failures="0" tests="2" name="Default test" time="7.957" errors="0" timestamp="2025-02-02T18:42:14 IST">
  <testcase classname="PunnamJItendra.NewRestAssuredDemo.APITGetNonBddStyle" name="nonBddStyleNegitive" time="4.204"/>
  <testcase classname="PunnamJItendra.NewRestAssuredDemo.APITGetNonBddStyle" name="nonBddStylePositive" time="3.433"/>
</testsuite> <!-- Default test -->
