<?xml version="1.0" encoding="UTF-8"?>
<testng-results ignored="0" total="1" passed="1" failed="0" skipped="0">
  <reporter-output>
  </reporter-output>
  <suite started-at="2025-02-15T18:39:37 IST" name="Default suite" finished-at="2025-02-15T18:39:38 IST" duration-ms="652">
    <groups>
    </groups>
    <test started-at="2025-02-15T18:39:37 IST" name="Default test" finished-at="2025-02-15T18:39:38 IST" duration-ms="652">
      <class name="Gson.SerializationObjectsToJson">
        <test-method signature="ObjectsToJsonTest()[pri:0, instance:Gson.SerializationObjectsToJson@7164ca4c]" started-at="2025-02-15T18:39:37 IST" name="ObjectsToJsonTest" finished-at="2025-02-15T18:39:38 IST" duration-ms="309" status="PASS">
          <reporter-output>
          </reporter-output>
        </test-method> <!-- ObjectsToJsonTest -->
      </class> <!-- Gson.SerializationObjectsToJson -->
    </test> <!-- Default test -->
  </suite> <!-- Default suite -->
</testng-results>
